The target system is: Generic -  - avr
The host system is: Linux - 4.4.0-31-generic - x86_64
Compiling the C compiler identification source file "CMakeCCompilerId.c" succeeded.
Compiler: /usr/bin/avr-gcc 
Build flags: 
Id flags: 

The output was:
0


Compilation of the C compiler identification source "CMakeCCompilerId.c" produced "a.out"

The C compiler identification is GNU, found in "/home/johu/Projekte/newco/firmware/MMU-build/CMakeFiles/3.5.1/CompilerIdC/a.out"

Compiling the CXX compiler identification source file "CMakeCXXCompilerId.cpp" succeeded.
Compiler: /usr/bin/avr-g++ 
Build flags: 
Id flags: 

The output was:
0


Compilation of the CXX compiler identification source "CMakeCXXCompilerId.cpp" produced "a.out"

The CXX compiler identification is GNU, found in "/home/johu/Projekte/newco/firmware/MMU-build/CMakeFiles/3.5.1/CompilerIdCXX/a.out"

Determining if the C compiler works passed with the following output:
Change Dir: /home/johu/Projekte/newco/firmware/MMU-build/CMakeFiles/CMakeTmp

Run Build Command:"/usr/bin/make" "cmTC_ddccd/fast"
/usr/bin/make -f CMakeFiles/cmTC_ddccd.dir/build.make CMakeFiles/cmTC_ddccd.dir/build
make[1]: Verzeichnis „/media/johu/data/Projekte/newco/firmware/MMU-build/CMakeFiles/CMakeTmp“ wird betreten
Building C object CMakeFiles/cmTC_ddccd.dir/testCCompiler.c.obj
/usr/bin/avr-gcc    -O3 -DNDEBUG   -o CMakeFiles/cmTC_ddccd.dir/testCCompiler.c.obj   -c /home/johu/Projekte/newco/firmware/MMU-build/CMakeFiles/CMakeTmp/testCCompiler.c
Linking C executable cmTC_ddccd
/usr/bin/cmake -E cmake_link_script CMakeFiles/cmTC_ddccd.dir/link.txt --verbose=1
/usr/bin/avr-gcc    -O3 -DNDEBUG    CMakeFiles/cmTC_ddccd.dir/testCCompiler.c.obj  -o cmTC_ddccd 
make[1]: Verzeichnis „/media/johu/data/Projekte/newco/firmware/MMU-build/CMakeFiles/CMakeTmp“ wird verlassen


Detecting C compiler ABI info compiled with the following output:
Change Dir: /home/johu/Projekte/newco/firmware/MMU-build/CMakeFiles/CMakeTmp

Run Build Command:"/usr/bin/make" "cmTC_91fc1/fast"
/usr/bin/make -f CMakeFiles/cmTC_91fc1.dir/build.make CMakeFiles/cmTC_91fc1.dir/build
make[1]: Verzeichnis „/media/johu/data/Projekte/newco/firmware/MMU-build/CMakeFiles/CMakeTmp“ wird betreten
Building C object CMakeFiles/cmTC_91fc1.dir/CMakeCCompilerABI.c.obj
/usr/bin/avr-gcc    -O3 -DNDEBUG   -o CMakeFiles/cmTC_91fc1.dir/CMakeCCompilerABI.c.obj   -c /usr/share/cmake-3.5/Modules/CMakeCCompilerABI.c
Linking C executable cmTC_91fc1
/usr/bin/cmake -E cmake_link_script CMakeFiles/cmTC_91fc1.dir/link.txt --verbose=1
/usr/bin/avr-gcc    -O3 -DNDEBUG   -v CMakeFiles/cmTC_91fc1.dir/CMakeCCompilerABI.c.obj  -o cmTC_91fc1  
Using built-in specs.
Reading specs from /usr/lib/gcc/avr/4.9.2/device-specs/specs-avr2
COLLECT_GCC=/usr/bin/avr-gcc
COLLECT_LTO_WRAPPER=/usr/lib/gcc/avr/4.9.2/lto-wrapper
Target: avr
Configured with: ../src/configure -v --enable-languages=c,c++ --prefix=/usr/lib --infodir=/usr/share/info --mandir=/usr/share/man --bindir=/usr/bin --libexecdir=/usr/lib --libdir=/usr/lib --enable-shared --with-system-zlib --enable-long-long --enable-nls --without-included-gettext --disable-libssp --build=x86_64-linux-gnu --host=x86_64-linux-gnu --target=avr CFLAGS='-g -O2 -fstack-protector-strong -Wformat ' CPPFLAGS=-D_FORTIFY_SOURCE=2 CXXFLAGS='-g -O2 -fstack-protector-strong -Wformat ' FCFLAGS='-g -O2 -fstack-protector-strong' FFLAGS='-g -O2 -fstack-protector-strong' GCJFLAGS='-g -O2 -fstack-protector-strong' LDFLAGS='-Wl,-Bsymbolic-functions -Wl,-z,relro' OBJCFLAGS='-g -O2 -fstack-protector-strong -Wformat ' OBJCXXFLAGS='-g -O2 -fstack-protector-strong -Wformat '
Thread model: single
gcc version 4.9.2 (GCC) 
COMPILER_PATH=/usr/lib/gcc/avr/4.9.2/:/usr/lib/gcc/avr/4.9.2/:/usr/lib/gcc/avr/:/usr/lib/gcc/avr/4.9.2/:/usr/lib/gcc/avr/:/usr/lib/gcc/avr/4.9.2/../../../avr/bin/
LIBRARY_PATH=/usr/lib/gcc/avr/4.9.2/:/usr/lib/gcc/avr/4.9.2/../../../avr/lib/
COLLECT_GCC_OPTIONS='-O3' '-D' 'NDEBUG' '-v' '-o' 'cmTC_91fc1' '-specs=device-specs/specs-avr2'
 /usr/lib/gcc/avr/4.9.2/collect2 -plugin /usr/lib/gcc/avr/4.9.2/liblto_plugin.so -plugin-opt=/usr/lib/gcc/avr/4.9.2/lto-wrapper -plugin-opt=-fresolution=/tmp/ccNCmQ21.res -plugin-opt=-pass-through=-lgcc -plugin-opt=-pass-through=-lm -plugin-opt=-pass-through=-lc -o cmTC_91fc1 -L/usr/lib/gcc/avr/4.9.2 -L/usr/lib/gcc/avr/4.9.2/../../../avr/lib CMakeFiles/cmTC_91fc1.dir/CMakeCCompilerABI.c.obj --start-group -lgcc -lm -lc --end-group
make[1]: Verzeichnis „/media/johu/data/Projekte/newco/firmware/MMU-build/CMakeFiles/CMakeTmp“ wird verlassen


Parsed C implicit link information from above output:
  link line regex: [^( *|.*[/\])(avr-ld|([^/\]+-)?ld|collect2)[^/\]*( |$)]
  ignore line: [Change Dir: /home/johu/Projekte/newco/firmware/MMU-build/CMakeFiles/CMakeTmp]
  ignore line: []
  ignore line: [Run Build Command:"/usr/bin/make" "cmTC_91fc1/fast"]
  ignore line: [/usr/bin/make -f CMakeFiles/cmTC_91fc1.dir/build.make CMakeFiles/cmTC_91fc1.dir/build]
  ignore line: [make[1]: Verzeichnis „/media/johu/data/Projekte/newco/firmware/MMU-build/CMakeFiles/CMakeTmp“ wird betreten]
  ignore line: [Building C object CMakeFiles/cmTC_91fc1.dir/CMakeCCompilerABI.c.obj]
  ignore line: [/usr/bin/avr-gcc    -O3 -DNDEBUG   -o CMakeFiles/cmTC_91fc1.dir/CMakeCCompilerABI.c.obj   -c /usr/share/cmake-3.5/Modules/CMakeCCompilerABI.c]
  ignore line: [Linking C executable cmTC_91fc1]
  ignore line: [/usr/bin/cmake -E cmake_link_script CMakeFiles/cmTC_91fc1.dir/link.txt --verbose=1]
  ignore line: [/usr/bin/avr-gcc    -O3 -DNDEBUG   -v CMakeFiles/cmTC_91fc1.dir/CMakeCCompilerABI.c.obj  -o cmTC_91fc1  ]
  ignore line: [Using built-in specs.]
  ignore line: [Reading specs from /usr/lib/gcc/avr/4.9.2/device-specs/specs-avr2]
  ignore line: [COLLECT_GCC=/usr/bin/avr-gcc]
  ignore line: [COLLECT_LTO_WRAPPER=/usr/lib/gcc/avr/4.9.2/lto-wrapper]
  ignore line: [Target: avr]
  ignore line: [Configured with: ../src/configure -v --enable-languages=c,c++ --prefix=/usr/lib --infodir=/usr/share/info --mandir=/usr/share/man --bindir=/usr/bin --libexecdir=/usr/lib --libdir=/usr/lib --enable-shared --with-system-zlib --enable-long-long --enable-nls --without-included-gettext --disable-libssp --build=x86_64-linux-gnu --host=x86_64-linux-gnu --target=avr CFLAGS='-g -O2 -fstack-protector-strong -Wformat ' CPPFLAGS=-D_FORTIFY_SOURCE=2 CXXFLAGS='-g -O2 -fstack-protector-strong -Wformat ' FCFLAGS='-g -O2 -fstack-protector-strong' FFLAGS='-g -O2 -fstack-protector-strong' GCJFLAGS='-g -O2 -fstack-protector-strong' LDFLAGS='-Wl,-Bsymbolic-functions -Wl,-z,relro' OBJCFLAGS='-g -O2 -fstack-protector-strong -Wformat ' OBJCXXFLAGS='-g -O2 -fstack-protector-strong -Wformat ']
  ignore line: [Thread model: single]
  ignore line: [gcc version 4.9.2 (GCC) ]
  ignore line: [COMPILER_PATH=/usr/lib/gcc/avr/4.9.2/:/usr/lib/gcc/avr/4.9.2/:/usr/lib/gcc/avr/:/usr/lib/gcc/avr/4.9.2/:/usr/lib/gcc/avr/:/usr/lib/gcc/avr/4.9.2/../../../avr/bin/]
  ignore line: [LIBRARY_PATH=/usr/lib/gcc/avr/4.9.2/:/usr/lib/gcc/avr/4.9.2/../../../avr/lib/]
  ignore line: [COLLECT_GCC_OPTIONS='-O3' '-D' 'NDEBUG' '-v' '-o' 'cmTC_91fc1' '-specs=device-specs/specs-avr2']
  link line: [ /usr/lib/gcc/avr/4.9.2/collect2 -plugin /usr/lib/gcc/avr/4.9.2/liblto_plugin.so -plugin-opt=/usr/lib/gcc/avr/4.9.2/lto-wrapper -plugin-opt=-fresolution=/tmp/ccNCmQ21.res -plugin-opt=-pass-through=-lgcc -plugin-opt=-pass-through=-lm -plugin-opt=-pass-through=-lc -o cmTC_91fc1 -L/usr/lib/gcc/avr/4.9.2 -L/usr/lib/gcc/avr/4.9.2/../../../avr/lib CMakeFiles/cmTC_91fc1.dir/CMakeCCompilerABI.c.obj --start-group -lgcc -lm -lc --end-group]
    arg [/usr/lib/gcc/avr/4.9.2/collect2] ==> ignore
    arg [-plugin] ==> ignore
    arg [/usr/lib/gcc/avr/4.9.2/liblto_plugin.so] ==> ignore
    arg [-plugin-opt=/usr/lib/gcc/avr/4.9.2/lto-wrapper] ==> ignore
    arg [-plugin-opt=-fresolution=/tmp/ccNCmQ21.res] ==> ignore
    arg [-plugin-opt=-pass-through=-lgcc] ==> ignore
    arg [-plugin-opt=-pass-through=-lm] ==> ignore
    arg [-plugin-opt=-pass-through=-lc] ==> ignore
    arg [-o] ==> ignore
    arg [cmTC_91fc1] ==> ignore
    arg [-L/usr/lib/gcc/avr/4.9.2] ==> dir [/usr/lib/gcc/avr/4.9.2]
    arg [-L/usr/lib/gcc/avr/4.9.2/../../../avr/lib] ==> dir [/usr/lib/gcc/avr/4.9.2/../../../avr/lib]
    arg [CMakeFiles/cmTC_91fc1.dir/CMakeCCompilerABI.c.obj] ==> ignore
    arg [--start-group] ==> ignore
    arg [-lgcc] ==> lib [gcc]
    arg [-lm] ==> lib [m]
    arg [-lc] ==> lib [c]
    arg [--end-group] ==> ignore
  remove lib [gcc]
  collapse library dir [/usr/lib/gcc/avr/4.9.2] ==> [/usr/lib/gcc/avr/4.9.2]
  collapse library dir [/usr/lib/gcc/avr/4.9.2/../../../avr/lib] ==> [/usr/lib/avr/lib]
  implicit libs: [m;c]
  implicit dirs: [/usr/lib/gcc/avr/4.9.2;/usr/lib/avr/lib]
  implicit fwks: []




Detecting C [-std=c11] compiler features compiled with the following output:
Change Dir: /home/johu/Projekte/newco/firmware/MMU-build/CMakeFiles/CMakeTmp

Run Build Command:"/usr/bin/make" "cmTC_c27e6/fast"
/usr/bin/make -f CMakeFiles/cmTC_c27e6.dir/build.make CMakeFiles/cmTC_c27e6.dir/build
make[1]: Verzeichnis „/media/johu/data/Projekte/newco/firmware/MMU-build/CMakeFiles/CMakeTmp“ wird betreten
Building C object CMakeFiles/cmTC_c27e6.dir/feature_tests.c.obj
/usr/bin/avr-gcc    -O3 -DNDEBUG   -std=c11 -o CMakeFiles/cmTC_c27e6.dir/feature_tests.c.obj   -c /home/johu/Projekte/newco/firmware/MMU-build/CMakeFiles/feature_tests.c
Linking C executable cmTC_c27e6
/usr/bin/cmake -E cmake_link_script CMakeFiles/cmTC_c27e6.dir/link.txt --verbose=1
/usr/bin/avr-gcc    -O3 -DNDEBUG    CMakeFiles/cmTC_c27e6.dir/feature_tests.c.obj  -o cmTC_c27e6 
make[1]: Verzeichnis „/media/johu/data/Projekte/newco/firmware/MMU-build/CMakeFiles/CMakeTmp“ wird verlassen


    Feature record: C_FEATURE:1c_function_prototypes
    Feature record: C_FEATURE:1c_restrict
    Feature record: C_FEATURE:1c_static_assert
    Feature record: C_FEATURE:1c_variadic_macros


Detecting C [-std=c99] compiler features compiled with the following output:
Change Dir: /home/johu/Projekte/newco/firmware/MMU-build/CMakeFiles/CMakeTmp

Run Build Command:"/usr/bin/make" "cmTC_8fa5f/fast"
/usr/bin/make -f CMakeFiles/cmTC_8fa5f.dir/build.make CMakeFiles/cmTC_8fa5f.dir/build
make[1]: Verzeichnis „/media/johu/data/Projekte/newco/firmware/MMU-build/CMakeFiles/CMakeTmp“ wird betreten
Building C object CMakeFiles/cmTC_8fa5f.dir/feature_tests.c.obj
/usr/bin/avr-gcc    -O3 -DNDEBUG   -std=c99 -o CMakeFiles/cmTC_8fa5f.dir/feature_tests.c.obj   -c /home/johu/Projekte/newco/firmware/MMU-build/CMakeFiles/feature_tests.c
Linking C executable cmTC_8fa5f
/usr/bin/cmake -E cmake_link_script CMakeFiles/cmTC_8fa5f.dir/link.txt --verbose=1
/usr/bin/avr-gcc    -O3 -DNDEBUG    CMakeFiles/cmTC_8fa5f.dir/feature_tests.c.obj  -o cmTC_8fa5f 
make[1]: Verzeichnis „/media/johu/data/Projekte/newco/firmware/MMU-build/CMakeFiles/CMakeTmp“ wird verlassen


    Feature record: C_FEATURE:1c_function_prototypes
    Feature record: C_FEATURE:1c_restrict
    Feature record: C_FEATURE:0c_static_assert
    Feature record: C_FEATURE:1c_variadic_macros


Detecting C [-std=c90] compiler features compiled with the following output:
Change Dir: /home/johu/Projekte/newco/firmware/MMU-build/CMakeFiles/CMakeTmp

Run Build Command:"/usr/bin/make" "cmTC_9841d/fast"
/usr/bin/make -f CMakeFiles/cmTC_9841d.dir/build.make CMakeFiles/cmTC_9841d.dir/build
make[1]: Verzeichnis „/media/johu/data/Projekte/newco/firmware/MMU-build/CMakeFiles/CMakeTmp“ wird betreten
Building C object CMakeFiles/cmTC_9841d.dir/feature_tests.c.obj
/usr/bin/avr-gcc    -O3 -DNDEBUG   -std=c90 -o CMakeFiles/cmTC_9841d.dir/feature_tests.c.obj   -c /home/johu/Projekte/newco/firmware/MMU-build/CMakeFiles/feature_tests.c
Linking C executable cmTC_9841d
/usr/bin/cmake -E cmake_link_script CMakeFiles/cmTC_9841d.dir/link.txt --verbose=1
/usr/bin/avr-gcc    -O3 -DNDEBUG    CMakeFiles/cmTC_9841d.dir/feature_tests.c.obj  -o cmTC_9841d 
make[1]: Verzeichnis „/media/johu/data/Projekte/newco/firmware/MMU-build/CMakeFiles/CMakeTmp“ wird verlassen


    Feature record: C_FEATURE:1c_function_prototypes
    Feature record: C_FEATURE:0c_restrict
    Feature record: C_FEATURE:0c_static_assert
    Feature record: C_FEATURE:0c_variadic_macros
Determining if the CXX compiler works passed with the following output:
Change Dir: /home/johu/Projekte/newco/firmware/MMU-build/CMakeFiles/CMakeTmp

Run Build Command:"/usr/bin/make" "cmTC_388b2/fast"
/usr/bin/make -f CMakeFiles/cmTC_388b2.dir/build.make CMakeFiles/cmTC_388b2.dir/build
make[1]: Verzeichnis „/media/johu/data/Projekte/newco/firmware/MMU-build/CMakeFiles/CMakeTmp“ wird betreten
Building CXX object CMakeFiles/cmTC_388b2.dir/testCXXCompiler.cxx.obj
/usr/bin/avr-g++     -O3 -DNDEBUG   -o CMakeFiles/cmTC_388b2.dir/testCXXCompiler.cxx.obj -c /home/johu/Projekte/newco/firmware/MMU-build/CMakeFiles/CMakeTmp/testCXXCompiler.cxx
Linking CXX executable cmTC_388b2
/usr/bin/cmake -E cmake_link_script CMakeFiles/cmTC_388b2.dir/link.txt --verbose=1
/usr/bin/avr-g++     -O3 -DNDEBUG    CMakeFiles/cmTC_388b2.dir/testCXXCompiler.cxx.obj  -o cmTC_388b2 
make[1]: Verzeichnis „/media/johu/data/Projekte/newco/firmware/MMU-build/CMakeFiles/CMakeTmp“ wird verlassen


Detecting CXX compiler ABI info compiled with the following output:
Change Dir: /home/johu/Projekte/newco/firmware/MMU-build/CMakeFiles/CMakeTmp

Run Build Command:"/usr/bin/make" "cmTC_73e57/fast"
/usr/bin/make -f CMakeFiles/cmTC_73e57.dir/build.make CMakeFiles/cmTC_73e57.dir/build
make[1]: Verzeichnis „/media/johu/data/Projekte/newco/firmware/MMU-build/CMakeFiles/CMakeTmp“ wird betreten
Building CXX object CMakeFiles/cmTC_73e57.dir/CMakeCXXCompilerABI.cpp.obj
/usr/bin/avr-g++     -O3 -DNDEBUG   -o CMakeFiles/cmTC_73e57.dir/CMakeCXXCompilerABI.cpp.obj -c /usr/share/cmake-3.5/Modules/CMakeCXXCompilerABI.cpp
Linking CXX executable cmTC_73e57
/usr/bin/cmake -E cmake_link_script CMakeFiles/cmTC_73e57.dir/link.txt --verbose=1
/usr/bin/avr-g++     -O3 -DNDEBUG   -v CMakeFiles/cmTC_73e57.dir/CMakeCXXCompilerABI.cpp.obj  -o cmTC_73e57  
Using built-in specs.
Reading specs from /usr/lib/gcc/avr/4.9.2/device-specs/specs-avr2
COLLECT_GCC=/usr/bin/avr-g++
COLLECT_LTO_WRAPPER=/usr/lib/gcc/avr/4.9.2/lto-wrapper
Target: avr
Configured with: ../src/configure -v --enable-languages=c,c++ --prefix=/usr/lib --infodir=/usr/share/info --mandir=/usr/share/man --bindir=/usr/bin --libexecdir=/usr/lib --libdir=/usr/lib --enable-shared --with-system-zlib --enable-long-long --enable-nls --without-included-gettext --disable-libssp --build=x86_64-linux-gnu --host=x86_64-linux-gnu --target=avr CFLAGS='-g -O2 -fstack-protector-strong -Wformat ' CPPFLAGS=-D_FORTIFY_SOURCE=2 CXXFLAGS='-g -O2 -fstack-protector-strong -Wformat ' FCFLAGS='-g -O2 -fstack-protector-strong' FFLAGS='-g -O2 -fstack-protector-strong' GCJFLAGS='-g -O2 -fstack-protector-strong' LDFLAGS='-Wl,-Bsymbolic-functions -Wl,-z,relro' OBJCFLAGS='-g -O2 -fstack-protector-strong -Wformat ' OBJCXXFLAGS='-g -O2 -fstack-protector-strong -Wformat '
Thread model: single
gcc version 4.9.2 (GCC) 
COMPILER_PATH=/usr/lib/gcc/avr/4.9.2/:/usr/lib/gcc/avr/4.9.2/:/usr/lib/gcc/avr/:/usr/lib/gcc/avr/4.9.2/:/usr/lib/gcc/avr/:/usr/lib/gcc/avr/4.9.2/../../../avr/bin/
LIBRARY_PATH=/usr/lib/gcc/avr/4.9.2/:/usr/lib/gcc/avr/4.9.2/../../../avr/lib/
COLLECT_GCC_OPTIONS='-O3' '-D' 'NDEBUG' '-v' '-o' 'cmTC_73e57' '-specs=device-specs/specs-avr2'
 /usr/lib/gcc/avr/4.9.2/collect2 -plugin /usr/lib/gcc/avr/4.9.2/liblto_plugin.so -plugin-opt=/usr/lib/gcc/avr/4.9.2/lto-wrapper -plugin-opt=-fresolution=/tmp/ccOPTjfF.res -plugin-opt=-pass-through=-lgcc -plugin-opt=-pass-through=-lm -plugin-opt=-pass-through=-lc -o cmTC_73e57 -L/usr/lib/gcc/avr/4.9.2 -L/usr/lib/gcc/avr/4.9.2/../../../avr/lib CMakeFiles/cmTC_73e57.dir/CMakeCXXCompilerABI.cpp.obj -lgcc -lm --start-group -lgcc -lm -lc --end-group
make[1]: Verzeichnis „/media/johu/data/Projekte/newco/firmware/MMU-build/CMakeFiles/CMakeTmp“ wird verlassen


Parsed CXX implicit link information from above output:
  link line regex: [^( *|.*[/\])(avr-ld|([^/\]+-)?ld|collect2)[^/\]*( |$)]
  ignore line: [Change Dir: /home/johu/Projekte/newco/firmware/MMU-build/CMakeFiles/CMakeTmp]
  ignore line: []
  ignore line: [Run Build Command:"/usr/bin/make" "cmTC_73e57/fast"]
  ignore line: [/usr/bin/make -f CMakeFiles/cmTC_73e57.dir/build.make CMakeFiles/cmTC_73e57.dir/build]
  ignore line: [make[1]: Verzeichnis „/media/johu/data/Projekte/newco/firmware/MMU-build/CMakeFiles/CMakeTmp“ wird betreten]
  ignore line: [Building CXX object CMakeFiles/cmTC_73e57.dir/CMakeCXXCompilerABI.cpp.obj]
  ignore line: [/usr/bin/avr-g++     -O3 -DNDEBUG   -o CMakeFiles/cmTC_73e57.dir/CMakeCXXCompilerABI.cpp.obj -c /usr/share/cmake-3.5/Modules/CMakeCXXCompilerABI.cpp]
  ignore line: [Linking CXX executable cmTC_73e57]
  ignore line: [/usr/bin/cmake -E cmake_link_script CMakeFiles/cmTC_73e57.dir/link.txt --verbose=1]
  ignore line: [/usr/bin/avr-g++     -O3 -DNDEBUG   -v CMakeFiles/cmTC_73e57.dir/CMakeCXXCompilerABI.cpp.obj  -o cmTC_73e57  ]
  ignore line: [Using built-in specs.]
  ignore line: [Reading specs from /usr/lib/gcc/avr/4.9.2/device-specs/specs-avr2]
  ignore line: [COLLECT_GCC=/usr/bin/avr-g++]
  ignore line: [COLLECT_LTO_WRAPPER=/usr/lib/gcc/avr/4.9.2/lto-wrapper]
  ignore line: [Target: avr]
  ignore line: [Configured with: ../src/configure -v --enable-languages=c,c++ --prefix=/usr/lib --infodir=/usr/share/info --mandir=/usr/share/man --bindir=/usr/bin --libexecdir=/usr/lib --libdir=/usr/lib --enable-shared --with-system-zlib --enable-long-long --enable-nls --without-included-gettext --disable-libssp --build=x86_64-linux-gnu --host=x86_64-linux-gnu --target=avr CFLAGS='-g -O2 -fstack-protector-strong -Wformat ' CPPFLAGS=-D_FORTIFY_SOURCE=2 CXXFLAGS='-g -O2 -fstack-protector-strong -Wformat ' FCFLAGS='-g -O2 -fstack-protector-strong' FFLAGS='-g -O2 -fstack-protector-strong' GCJFLAGS='-g -O2 -fstack-protector-strong' LDFLAGS='-Wl,-Bsymbolic-functions -Wl,-z,relro' OBJCFLAGS='-g -O2 -fstack-protector-strong -Wformat ' OBJCXXFLAGS='-g -O2 -fstack-protector-strong -Wformat ']
  ignore line: [Thread model: single]
  ignore line: [gcc version 4.9.2 (GCC) ]
  ignore line: [COMPILER_PATH=/usr/lib/gcc/avr/4.9.2/:/usr/lib/gcc/avr/4.9.2/:/usr/lib/gcc/avr/:/usr/lib/gcc/avr/4.9.2/:/usr/lib/gcc/avr/:/usr/lib/gcc/avr/4.9.2/../../../avr/bin/]
  ignore line: [LIBRARY_PATH=/usr/lib/gcc/avr/4.9.2/:/usr/lib/gcc/avr/4.9.2/../../../avr/lib/]
  ignore line: [COLLECT_GCC_OPTIONS='-O3' '-D' 'NDEBUG' '-v' '-o' 'cmTC_73e57' '-specs=device-specs/specs-avr2']
  link line: [ /usr/lib/gcc/avr/4.9.2/collect2 -plugin /usr/lib/gcc/avr/4.9.2/liblto_plugin.so -plugin-opt=/usr/lib/gcc/avr/4.9.2/lto-wrapper -plugin-opt=-fresolution=/tmp/ccOPTjfF.res -plugin-opt=-pass-through=-lgcc -plugin-opt=-pass-through=-lm -plugin-opt=-pass-through=-lc -o cmTC_73e57 -L/usr/lib/gcc/avr/4.9.2 -L/usr/lib/gcc/avr/4.9.2/../../../avr/lib CMakeFiles/cmTC_73e57.dir/CMakeCXXCompilerABI.cpp.obj -lgcc -lm --start-group -lgcc -lm -lc --end-group]
    arg [/usr/lib/gcc/avr/4.9.2/collect2] ==> ignore
    arg [-plugin] ==> ignore
    arg [/usr/lib/gcc/avr/4.9.2/liblto_plugin.so] ==> ignore
    arg [-plugin-opt=/usr/lib/gcc/avr/4.9.2/lto-wrapper] ==> ignore
    arg [-plugin-opt=-fresolution=/tmp/ccOPTjfF.res] ==> ignore
    arg [-plugin-opt=-pass-through=-lgcc] ==> ignore
    arg [-plugin-opt=-pass-through=-lm] ==> ignore
    arg [-plugin-opt=-pass-through=-lc] ==> ignore
    arg [-o] ==> ignore
    arg [cmTC_73e57] ==> ignore
    arg [-L/usr/lib/gcc/avr/4.9.2] ==> dir [/usr/lib/gcc/avr/4.9.2]
    arg [-L/usr/lib/gcc/avr/4.9.2/../../../avr/lib] ==> dir [/usr/lib/gcc/avr/4.9.2/../../../avr/lib]
    arg [CMakeFiles/cmTC_73e57.dir/CMakeCXXCompilerABI.cpp.obj] ==> ignore
    arg [-lgcc] ==> lib [gcc]
    arg [-lm] ==> lib [m]
    arg [--start-group] ==> ignore
    arg [-lgcc] ==> lib [gcc]
    arg [-lm] ==> lib [m]
    arg [-lc] ==> lib [c]
    arg [--end-group] ==> ignore
  remove lib [gcc]
  remove lib [gcc]
  collapse library dir [/usr/lib/gcc/avr/4.9.2] ==> [/usr/lib/gcc/avr/4.9.2]
  collapse library dir [/usr/lib/gcc/avr/4.9.2/../../../avr/lib] ==> [/usr/lib/avr/lib]
  implicit libs: [m;m;c]
  implicit dirs: [/usr/lib/gcc/avr/4.9.2;/usr/lib/avr/lib]
  implicit fwks: []




Detecting CXX [-std=c++14] compiler features compiled with the following output:
Change Dir: /home/johu/Projekte/newco/firmware/MMU-build/CMakeFiles/CMakeTmp

Run Build Command:"/usr/bin/make" "cmTC_f9c71/fast"
/usr/bin/make -f CMakeFiles/cmTC_f9c71.dir/build.make CMakeFiles/cmTC_f9c71.dir/build
make[1]: Verzeichnis „/media/johu/data/Projekte/newco/firmware/MMU-build/CMakeFiles/CMakeTmp“ wird betreten
Building CXX object CMakeFiles/cmTC_f9c71.dir/feature_tests.cxx.obj
/usr/bin/avr-g++     -O3 -DNDEBUG   -std=c++14 -o CMakeFiles/cmTC_f9c71.dir/feature_tests.cxx.obj -c /home/johu/Projekte/newco/firmware/MMU-build/CMakeFiles/feature_tests.cxx
Linking CXX executable cmTC_f9c71
/usr/bin/cmake -E cmake_link_script CMakeFiles/cmTC_f9c71.dir/link.txt --verbose=1
/usr/bin/avr-g++     -O3 -DNDEBUG    CMakeFiles/cmTC_f9c71.dir/feature_tests.cxx.obj  -o cmTC_f9c71 
make[1]: Verzeichnis „/media/johu/data/Projekte/newco/firmware/MMU-build/CMakeFiles/CMakeTmp“ wird verlassen


    Feature record: CXX_FEATURE:0cxx_aggregate_default_initializers
    Feature record: CXX_FEATURE:1cxx_alias_templates
    Feature record: CXX_FEATURE:1cxx_alignas
    Feature record: CXX_FEATURE:1cxx_alignof
    Feature record: CXX_FEATURE:1cxx_attributes
    Feature record: CXX_FEATURE:1cxx_attribute_deprecated
    Feature record: CXX_FEATURE:1cxx_auto_type
    Feature record: CXX_FEATURE:1cxx_binary_literals
    Feature record: CXX_FEATURE:1cxx_constexpr
    Feature record: CXX_FEATURE:1cxx_contextual_conversions
    Feature record: CXX_FEATURE:1cxx_decltype
    Feature record: CXX_FEATURE:1cxx_decltype_auto
    Feature record: CXX_FEATURE:1cxx_decltype_incomplete_return_types
    Feature record: CXX_FEATURE:1cxx_default_function_template_args
    Feature record: CXX_FEATURE:1cxx_defaulted_functions
    Feature record: CXX_FEATURE:1cxx_defaulted_move_initializers
    Feature record: CXX_FEATURE:1cxx_delegating_constructors
    Feature record: CXX_FEATURE:1cxx_deleted_functions
    Feature record: CXX_FEATURE:1cxx_digit_separators
    Feature record: CXX_FEATURE:1cxx_enum_forward_declarations
    Feature record: CXX_FEATURE:1cxx_explicit_conversions
    Feature record: CXX_FEATURE:1cxx_extended_friend_declarations
    Feature record: CXX_FEATURE:1cxx_extern_templates
    Feature record: CXX_FEATURE:1cxx_final
    Feature record: CXX_FEATURE:1cxx_func_identifier
    Feature record: CXX_FEATURE:1cxx_generalized_initializers
    Feature record: CXX_FEATURE:1cxx_generic_lambdas
    Feature record: CXX_FEATURE:1cxx_inheriting_constructors
    Feature record: CXX_FEATURE:1cxx_inline_namespaces
    Feature record: CXX_FEATURE:1cxx_lambdas
    Feature record: CXX_FEATURE:1cxx_lambda_init_captures
    Feature record: CXX_FEATURE:1cxx_local_type_template_args
    Feature record: CXX_FEATURE:1cxx_long_long_type
    Feature record: CXX_FEATURE:1cxx_noexcept
    Feature record: CXX_FEATURE:1cxx_nonstatic_member_init
    Feature record: CXX_FEATURE:1cxx_nullptr
    Feature record: CXX_FEATURE:1cxx_override
    Feature record: CXX_FEATURE:1cxx_range_for
    Feature record: CXX_FEATURE:1cxx_raw_string_literals
    Feature record: CXX_FEATURE:1cxx_reference_qualified_functions
    Feature record: CXX_FEATURE:0cxx_relaxed_constexpr
    Feature record: CXX_FEATURE:1cxx_return_type_deduction
    Feature record: CXX_FEATURE:1cxx_right_angle_brackets
    Feature record: CXX_FEATURE:1cxx_rvalue_references
    Feature record: CXX_FEATURE:1cxx_sizeof_member
    Feature record: CXX_FEATURE:1cxx_static_assert
    Feature record: CXX_FEATURE:1cxx_strong_enums
    Feature record: CXX_FEATURE:1cxx_template_template_parameters
    Feature record: CXX_FEATURE:1cxx_thread_local
    Feature record: CXX_FEATURE:1cxx_trailing_return_types
    Feature record: CXX_FEATURE:1cxx_unicode_literals
    Feature record: CXX_FEATURE:1cxx_uniform_initialization
    Feature record: CXX_FEATURE:1cxx_unrestricted_unions
    Feature record: CXX_FEATURE:1cxx_user_literals
    Feature record: CXX_FEATURE:0cxx_variable_templates
    Feature record: CXX_FEATURE:1cxx_variadic_macros
    Feature record: CXX_FEATURE:1cxx_variadic_templates


Detecting CXX [-std=c++11] compiler features compiled with the following output:
Change Dir: /home/johu/Projekte/newco/firmware/MMU-build/CMakeFiles/CMakeTmp

Run Build Command:"/usr/bin/make" "cmTC_78e1e/fast"
/usr/bin/make -f CMakeFiles/cmTC_78e1e.dir/build.make CMakeFiles/cmTC_78e1e.dir/build
make[1]: Verzeichnis „/media/johu/data/Projekte/newco/firmware/MMU-build/CMakeFiles/CMakeTmp“ wird betreten
Building CXX object CMakeFiles/cmTC_78e1e.dir/feature_tests.cxx.obj
/usr/bin/avr-g++     -O3 -DNDEBUG   -std=c++11 -o CMakeFiles/cmTC_78e1e.dir/feature_tests.cxx.obj -c /home/johu/Projekte/newco/firmware/MMU-build/CMakeFiles/feature_tests.cxx
Linking CXX executable cmTC_78e1e
/usr/bin/cmake -E cmake_link_script CMakeFiles/cmTC_78e1e.dir/link.txt --verbose=1
/usr/bin/avr-g++     -O3 -DNDEBUG    CMakeFiles/cmTC_78e1e.dir/feature_tests.cxx.obj  -o cmTC_78e1e 
make[1]: Verzeichnis „/media/johu/data/Projekte/newco/firmware/MMU-build/CMakeFiles/CMakeTmp“ wird verlassen


    Feature record: CXX_FEATURE:0cxx_aggregate_default_initializers
    Feature record: CXX_FEATURE:1cxx_alias_templates
    Feature record: CXX_FEATURE:1cxx_alignas
    Feature record: CXX_FEATURE:1cxx_alignof
    Feature record: CXX_FEATURE:1cxx_attributes
    Feature record: CXX_FEATURE:0cxx_attribute_deprecated
    Feature record: CXX_FEATURE:1cxx_auto_type
    Feature record: CXX_FEATURE:0cxx_binary_literals
    Feature record: CXX_FEATURE:1cxx_constexpr
    Feature record: CXX_FEATURE:0cxx_contextual_conversions
    Feature record: CXX_FEATURE:1cxx_decltype
    Feature record: CXX_FEATURE:0cxx_decltype_auto
    Feature record: CXX_FEATURE:1cxx_decltype_incomplete_return_types
    Feature record: CXX_FEATURE:1cxx_default_function_template_args
    Feature record: CXX_FEATURE:1cxx_defaulted_functions
    Feature record: CXX_FEATURE:1cxx_defaulted_move_initializers
    Feature record: CXX_FEATURE:1cxx_delegating_constructors
    Feature record: CXX_FEATURE:1cxx_deleted_functions
    Feature record: CXX_FEATURE:0cxx_digit_separators
    Feature record: CXX_FEATURE:1cxx_enum_forward_declarations
    Feature record: CXX_FEATURE:1cxx_explicit_conversions
    Feature record: CXX_FEATURE:1cxx_extended_friend_declarations
    Feature record: CXX_FEATURE:1cxx_extern_templates
    Feature record: CXX_FEATURE:1cxx_final
    Feature record: CXX_FEATURE:1cxx_func_identifier
    Feature record: CXX_FEATURE:1cxx_generalized_initializers
    Feature record: CXX_FEATURE:0cxx_generic_lambdas
    Feature record: CXX_FEATURE:1cxx_inheriting_constructors
    Feature record: CXX_FEATURE:1cxx_inline_namespaces
    Feature record: CXX_FEATURE:1cxx_lambdas
    Feature record: CXX_FEATURE:0cxx_lambda_init_captures
    Feature record: CXX_FEATURE:1cxx_local_type_template_args
    Feature record: CXX_FEATURE:1cxx_long_long_type
    Feature record: CXX_FEATURE:1cxx_noexcept
    Feature record: CXX_FEATURE:1cxx_nonstatic_member_init
    Feature record: CXX_FEATURE:1cxx_nullptr
    Feature record: CXX_FEATURE:1cxx_override
    Feature record: CXX_FEATURE:1cxx_range_for
    Feature record: CXX_FEATURE:1cxx_raw_string_literals
    Feature record: CXX_FEATURE:1cxx_reference_qualified_functions
    Feature record: CXX_FEATURE:0cxx_relaxed_constexpr
    Feature record: CXX_FEATURE:0cxx_return_type_deduction
    Feature record: CXX_FEATURE:1cxx_right_angle_brackets
    Feature record: CXX_FEATURE:1cxx_rvalue_references
    Feature record: CXX_FEATURE:1cxx_sizeof_member
    Feature record: CXX_FEATURE:1cxx_static_assert
    Feature record: CXX_FEATURE:1cxx_strong_enums
    Feature record: CXX_FEATURE:1cxx_template_template_parameters
    Feature record: CXX_FEATURE:1cxx_thread_local
    Feature record: CXX_FEATURE:1cxx_trailing_return_types
    Feature record: CXX_FEATURE:1cxx_unicode_literals
    Feature record: CXX_FEATURE:1cxx_uniform_initialization
    Feature record: CXX_FEATURE:1cxx_unrestricted_unions
    Feature record: CXX_FEATURE:1cxx_user_literals
    Feature record: CXX_FEATURE:0cxx_variable_templates
    Feature record: CXX_FEATURE:1cxx_variadic_macros
    Feature record: CXX_FEATURE:1cxx_variadic_templates


Detecting CXX [-std=c++98] compiler features compiled with the following output:
Change Dir: /home/johu/Projekte/newco/firmware/MMU-build/CMakeFiles/CMakeTmp

Run Build Command:"/usr/bin/make" "cmTC_1005e/fast"
/usr/bin/make -f CMakeFiles/cmTC_1005e.dir/build.make CMakeFiles/cmTC_1005e.dir/build
make[1]: Verzeichnis „/media/johu/data/Projekte/newco/firmware/MMU-build/CMakeFiles/CMakeTmp“ wird betreten
Building CXX object CMakeFiles/cmTC_1005e.dir/feature_tests.cxx.obj
/usr/bin/avr-g++     -O3 -DNDEBUG   -std=c++98 -o CMakeFiles/cmTC_1005e.dir/feature_tests.cxx.obj -c /home/johu/Projekte/newco/firmware/MMU-build/CMakeFiles/feature_tests.cxx
Linking CXX executable cmTC_1005e
/usr/bin/cmake -E cmake_link_script CMakeFiles/cmTC_1005e.dir/link.txt --verbose=1
/usr/bin/avr-g++     -O3 -DNDEBUG    CMakeFiles/cmTC_1005e.dir/feature_tests.cxx.obj  -o cmTC_1005e 
make[1]: Verzeichnis „/media/johu/data/Projekte/newco/firmware/MMU-build/CMakeFiles/CMakeTmp“ wird verlassen


    Feature record: CXX_FEATURE:0cxx_aggregate_default_initializers
    Feature record: CXX_FEATURE:0cxx_alias_templates
    Feature record: CXX_FEATURE:0cxx_alignas
    Feature record: CXX_FEATURE:0cxx_alignof
    Feature record: CXX_FEATURE:0cxx_attributes
    Feature record: CXX_FEATURE:0cxx_attribute_deprecated
    Feature record: CXX_FEATURE:0cxx_auto_type
    Feature record: CXX_FEATURE:0cxx_binary_literals
    Feature record: CXX_FEATURE:0cxx_constexpr
    Feature record: CXX_FEATURE:0cxx_contextual_conversions
    Feature record: CXX_FEATURE:0cxx_decltype
    Feature record: CXX_FEATURE:0cxx_decltype_auto
    Feature record: CXX_FEATURE:0cxx_decltype_incomplete_return_types
    Feature record: CXX_FEATURE:0cxx_default_function_template_args
    Feature record: CXX_FEATURE:0cxx_defaulted_functions
    Feature record: CXX_FEATURE:0cxx_defaulted_move_initializers
    Feature record: CXX_FEATURE:0cxx_delegating_constructors
    Feature record: CXX_FEATURE:0cxx_deleted_functions
    Feature record: CXX_FEATURE:0cxx_digit_separators
    Feature record: CXX_FEATURE:0cxx_enum_forward_declarations
    Feature record: CXX_FEATURE:0cxx_explicit_conversions
    Feature record: CXX_FEATURE:0cxx_extended_friend_declarations
    Feature record: CXX_FEATURE:0cxx_extern_templates
    Feature record: CXX_FEATURE:0cxx_final
    Feature record: CXX_FEATURE:0cxx_func_identifier
    Feature record: CXX_FEATURE:0cxx_generalized_initializers
    Feature record: CXX_FEATURE:0cxx_generic_lambdas
    Feature record: CXX_FEATURE:0cxx_inheriting_constructors
    Feature record: CXX_FEATURE:0cxx_inline_namespaces
    Feature record: CXX_FEATURE:0cxx_lambdas
    Feature record: CXX_FEATURE:0cxx_lambda_init_captures
    Feature record: CXX_FEATURE:0cxx_local_type_template_args
    Feature record: CXX_FEATURE:0cxx_long_long_type
    Feature record: CXX_FEATURE:0cxx_noexcept
    Feature record: CXX_FEATURE:0cxx_nonstatic_member_init
    Feature record: CXX_FEATURE:0cxx_nullptr
    Feature record: CXX_FEATURE:0cxx_override
    Feature record: CXX_FEATURE:0cxx_range_for
    Feature record: CXX_FEATURE:0cxx_raw_string_literals
    Feature record: CXX_FEATURE:0cxx_reference_qualified_functions
    Feature record: CXX_FEATURE:0cxx_relaxed_constexpr
    Feature record: CXX_FEATURE:0cxx_return_type_deduction
    Feature record: CXX_FEATURE:0cxx_right_angle_brackets
    Feature record: CXX_FEATURE:0cxx_rvalue_references
    Feature record: CXX_FEATURE:0cxx_sizeof_member
    Feature record: CXX_FEATURE:0cxx_static_assert
    Feature record: CXX_FEATURE:0cxx_strong_enums
    Feature record: CXX_FEATURE:1cxx_template_template_parameters
    Feature record: CXX_FEATURE:0cxx_thread_local
    Feature record: CXX_FEATURE:0cxx_trailing_return_types
    Feature record: CXX_FEATURE:0cxx_unicode_literals
    Feature record: CXX_FEATURE:0cxx_uniform_initialization
    Feature record: CXX_FEATURE:0cxx_unrestricted_unions
    Feature record: CXX_FEATURE:0cxx_user_literals
    Feature record: CXX_FEATURE:0cxx_variable_templates
    Feature record: CXX_FEATURE:0cxx_variadic_macros
    Feature record: CXX_FEATURE:0cxx_variadic_templates
